# MDS setup check 1.1.1

## Operating system
Microsoft Windows 11 Education
64-bit          
10.0.22000

MISSING You need at least Windows build 10.0.19041. Please run Windows update.

## System programs
OK        psql (PostgreSQL) 13.3
MISSING   rstudio 2021.09*
OK        tlmgr revision 63068 (2022-04-18 07:58:07 +0200)
OK        R 4.2.1 (2022-06-23 ucrt) -- "Funny-Looking Kid"
OK        python 3.10.0
OK        conda 4.13.0
OK        bash 4-pc-msys)
OK        git 2.37.2.windows.2
OK        make 4.3
OK        latex 3.141592653-2.6-1.40.24 (TeX Live 2022)
OK        docker 20.10.17, build 100c701
OK        code 1.70.1

## Python packages
OK        pandas=1.4.3
MISSING   pyppeteer=0.*
OK        nbconvert=6.5.3
OK        jupyterlab=3.4.5
OK        jupyterlab-git=0.38.0
OK        jupytext=1.14.0
OK        jupyterlab-spellchecker=0.7.2
OK        jupyterlab PDF-generation was successful.
OK        jupyterlab WebPDF-generation was successful.
OK        jupyterlab HTML-generation was successful.

## R packages
OK        tidyverse=1.3.2
MISSING   blogdown=1.*
MISSING   xaringan=0.*
OK        renv=0.15.5
OK        IRkernel=1.3
OK        tinytex=0.40
OK        janitor=2.1.0
OK        gapminder=0.3.0
OK        readxl=1.4.0
OK        ottr=1.1.3
OK        canlang=0.0.1
OK        rmarkdown PDF-generation was successful.
OK        rmarkdown HTML-generation was successful.

## Environmental variables
ProgramFiles(x86)=C:\Program Files (x86)
CommonProgramFiles(x86)=C:\Program Files (x86)\Common Files
SHELL=/usr/bin/bash
NUMBER_OF_PROCESSORS=8
PROCESSOR_LEVEL=6
CONDA_EXE=/c/Users/Florencia/miniconda3/Scripts/conda.exe
MINGW_PREFIX=/mingw64
_CE_M=
PKG_CONFIG_PATH=/mingw64/lib/pkgconfig:/mingw64/share/pkgconfig
USERDOMAIN_ROAMINGPROFILE=DESKTOP-KHE5L35
WT_SESSION=42c8c5a1-bffb-4324-b62f-23062facca14
HOSTNAME=DESKTOP-KHE5L35
PROGRAMFILES=C:\Program Files
MSYSTEM=MINGW64
PATHEXT=.COM;.EXE;.BAT;.CMD;.VBS;.VBE;.JS;.JSE;.WSF;.WSH;.MSC
ORIGINAL_TEMP=/tmp
MINGW_CHOST=x86_64-w64-mingw32
OS=Windows_NT
RTOOLS42_HOME=C:\rtools42
HOMEDRIVE=C:
MSYSTEM_CARCH=x86_64
USERDOMAIN=DESKTOP-KHE5L35
PWD=/c/Users/Florencia/UBC-MDS.github.io
USERPROFILE=C:\Users\Florencia
OneDriveConsumer=C:\Users\Florencia\OneDrive
CONDA_PREFIX=C:\Users\Florencia\miniconda3
MANPATH=/mingw64/local/man:/mingw64/share/man:/usr/local/man:/usr/share/man:/usr/man:/share/man
MINGW_PACKAGE_PREFIX=mingw-w64-x86_64
ALLUSERSPROFILE=C:\ProgramData
ORIGINAL_PATH=/mingw64/bin:/usr/bin:/c/Users/Florencia/bin:/c/WINDOWS/system32:/c/Program Files/dotnet:/c/Program Files/GitHub CLI:/c/WINDOWS/system32:/c/WINDOWS:/c/WINDOWS/System32/Wbem:/c/WINDOWS/System32/WindowsPowerShell/v1.0:/c/WINDOWS/System32/OpenSSH:/cmd:/c/Program Files/Docker/Docker/resources/bin:/c/ProgramData/DockerDesktop/version-bin:/c/Users/Florencia/.poetry/bin:/c/Users/Florencia/AppData/Local/Programs/Microsoft VS Code/bin:/c/Program Files/heroku/bin:/c/Users/Florencia/AppData/Local/Microsoft/WindowsApps:/c/Users/Florencia/AppData/Roaming/TinyTeX/bin/win32:/c/Users/Florencia/AppData/Local/Programs/Quarto/bin
CommonProgramW6432=C:\Program Files\Common Files
HOME=/c/Users/Florencia
USERNAME=Florencia
SSH_ASKPASS=/mingw64/bin/git-askpass.exe
LANG=en_US.UTF-8
PLINK_PROTOCOL=ssh
OneDrive=C:\Users\Florencia\OneDrive
COMSPEC=C:\WINDOWS\system32\cmd.exe
R_USER=C:\Users\Florencia
CONDA_PROMPT_MODIFIER=(base) 
TMPDIR=/tmp
python=C:\Users\Florencia\AppData\Roaming\Python\Python39\Scripts
APPDATA=C:\Users\Florencia\AppData\Roaming
SYSTEMROOT=C:\WINDOWS
LOCALAPPDATA=C:\Users\Florencia\AppData\Local
poetry=C:\Users\Florencia\.poetry\bin)
COMPUTERNAME=DESKTOP-KHE5L35
INFOPATH=/usr/local/info:/usr/share/info:/usr/info:/share/info
TERM=xterm-256color
docker=C:\Program Files\Docker\Docker\
LOGONSERVER=\\DESKTOP-KHE5L35
_CE_CONDA=
ACLOCAL_PATH=/mingw64/share/aclocal:/usr/share/aclocal
CANVAS_PAT=11224~1ars8izSbHIOIZ2u8NH8d0GNORMcIuyGkVpK8WRt3e8W5LLgjWkQ5IXkRFjoHXGG
PSModulePath=C:\Program Files\WindowsPowerShell\Modules;C:\WINDOWS\system32\WindowsPowerShell\v1.0\Modules
CONDA_SHLVL=1
TEMP=/tmp
MSYSTEM_CHOST=x86_64-w64-mingw32
DISPLAY=needs-to-be-defined
SHLVL=2
ORIGINAL_TMP=/tmp
PROCESSOR_REVISION=8e0a
DriverData=C:\Windows\System32\Drivers\DriverData
PYTHONUTF8=1
COMMONPROGRAMFILES=C:\Program Files\Common Files
CONDA_PYTHON_EXE=/c/Users/Florencia/miniconda3/python.exe
EXEPATH=C:\Program Files\Git\bin
PROCESSOR_IDENTIFIER=Intel64 Family 6 Model 142 Stepping 10, GenuineIntel
CONDA_DEFAULT_ENV=base
WSLENV=WT_SESSION::WT_PROFILE_ID
HOMEPATH=\Users\Florencia
TMP=/tmp
CONFIG_SITE=/etc/config.site
PATH=/c/Users/Florencia/make-4.3/bin:/c/Program Files/R/R-4.2.1/bin/x64:/c/Users/Florencia/.poetry/bin:/c/Users/Florencia/make-4.3/bin:/c/Program Files/R/R-4.2.1/bin/x64:/c/Users/Florencia/miniconda3:/c/Users/Florencia/miniconda3/Library/mingw-w64/bin:/c/Users/Florencia/miniconda3/Library/usr/bin:/c/Users/Florencia/miniconda3/Library/bin:/c/Users/Florencia/miniconda3/Scripts:/c/Users/Florencia/miniconda3/bin:/c/Users/Florencia/miniconda3/condabin:/c/Users/Florencia/bin:/mingw64/bin:/usr/local/bin:/usr/bin:/usr/bin:/mingw64/bin:/usr/bin:/c/Users/Florencia/bin:/c/WINDOWS/system32:/c/Program Files/dotnet:/c/Program Files/GitHub CLI:/c/WINDOWS/system32:/c/WINDOWS:/c/WINDOWS/System32/Wbem:/c/WINDOWS/System32/WindowsPowerShell/v1.0:/c/WINDOWS/System32/OpenSSH:/cmd:/c/Program Files/Docker/Docker/resources/bin:/c/ProgramData/DockerDesktop/version-bin:/c/Users/Florencia/.poetry/bin:/c/Users/Florencia/AppData/Local/Programs/Microsoft VS Code/bin:/c/Program Files/heroku/bin:/c/Users/Florencia/AppData/Local/Microsoft/WindowsApps:/c/Users/Florencia/AppData/Roaming/TinyTeX/bin/win32:/c/Users/Florencia/AppData/Local/Programs/Quarto/bin:/usr/bin/vendor_perl:/usr/bin/core_perl
ProgramW6432=C:\Program Files
MSYSTEM_PREFIX=/mingw64
RTOOLS40_HOME=C:\rtools40
WINDIR=C:\WINDOWS
PROCESSOR_ARCHITECTURE=AMD64
GITHUB_PAT=3f261402a3bc34c5e7c29302a437c5dc1bc641ab
PUBLIC=C:\Users\Public
WT_PROFILE_ID={2ece5bfe-50ed-5f3a-ab87-5cd4baafed2b}
SYSTEMDRIVE=C:
OLDPWD=/c/Users/Florencia
ProgramData=C:\ProgramData
_=/usr/bin/env

## Content of .bash_profile
# Set the default editor for programs launch from terminal
EDITOR="code --wait"
VISUAL=$EDITOR  # Use the same value as for "EDITOR" in the line above
# >>> conda initialize >>>
# !! Contents within this block are managed by 'conda init' !!
eval "$('/c/Users/Florencia/miniconda3/Scripts/conda.exe' 'shell.bash' 'hook')"
# <<< conda initialize <<<
# Add R, Rscript, and Make to path
export PATH="/c/Users/${USERNAME}/make-4.3/bin":"/c/Program Files/R/R-4.2.1/bin/x64":$PATH
# TAB completion configuration
# TAB completion ignores case
bind "set completion-ignore-case on"
# Require only one instead of two TAB presses before showing matches
bind "set show-all-if-ambiguous on"
# If there are multiple matches for completion, cycle through them with TAB
bind 'TAB':menu-complete
# Perform partial completion on the first Tab press,
# only start cycling full results on the second Tab press
bind "set menu-complete-display-prefix on"
# POETRY
export PATH="$HOME/.poetry/bin:$PATH"
# History configuration
# Cycle through history based on characters already typed on the line
bind '"\e[A":history-search-backward'
bind '"\e[B":history-search-forward'
# Append to the history file, don't overwrite it.
shopt -s histappend
# Write commands to history one-by-one right after they are executed
# instead of all together when the terminal is closed.
# Make new terminals see all commands run in currently open terminals and
# prepend a newline to the prompt string to separate it from the last command's output
PROMPT_COMMAND='history -a; echo'
# Increase history size
HISTSIZE=50000
HISTFILESIZE=50000
# Automatically expand the R version number
R_DIR=(/c/Program\ Files/R/*/bin/x64)
# Add R, Rscript, and Make to path
export PATH="/c/Users/${USERNAME}/make-4.3/bin:${R_DIR}:$PATH"

# Aliases
# Note that aliases only are in effect when you are using the shell interactively
# (e.g. opening the Git Bash terminal and typing or pasting commands).
# If you run a bash script or makefile,
# the original command is used instead of your alias.
# Run Python and Docker in compatibility mode when started from an interactive shell
alias python="winpty python"
alias docker="winpty docker"
# `man` function to display help messages with a pager as on Unix
man() {
    $1 --help | less
}
# Show unstaged (*) and staged (+) changes in the prompt string
export GIT_PS1_SHOWDIRTYSTATE=1

# TAB completion configuration
# TAB completion ignores case
bind "set completion-ignore-case on"
# Require only one instead of two TAB presses before showing matches
bind "set show-all-if-ambiguous on"
# If there are multiple matches for completion, cycle through them with TAB
bind 'TAB':menu-complete
# Perform partial completion on the first Tab press,
# only start cycling full results on the second Tab press
bind "set menu-complete-display-prefix on"

# History configuration
# Cycle through history based on characters already typed on the line
bind '"\e[A":history-search-backward'
bind '"\e[B":history-search-forward'
# Append to the history file, don't overwrite it.
shopt -s histappend
# Write commands to history one-by-one right after they are executed
# instead of all together when the terminal is closed.
# Make new terminals see all commands run in currently open terminals and
# prepend a newline to the prompt string to separate it from the last command's output
PROMPT_COMMAND='history -a; echo'
# Increase history size
HISTSIZE=50000
HISTFILESIZE=50000

# Aliases and functions
# Note that aliases only are in effect when you are using the shell interactively
# (e.g. opening the terminal and typing or pasting commands).
# If you run a bash script or makefile,
# the original command is used instead of your alias.
# ---
# MDS help script
alias mds-help='bash ~/.mds-help.sh'
# Some common operations
alias l='ls -lthAF'
alias jl='jupyter lab'
alias ca='conda activate'
alias gl='git log --date short -10 --pretty=format:"%C(auto,yellow)%h %C(auto,blue)%ad%C(auto)%d %C(auto,reset)%s"'
alias gt='git status'
alias gm='git commit -m'
alias gap='git add -p'
# Move, remove, and copy show what was done and prompt before overwriting files.
alias rm="rm -vI"
alias mv="mv -vi"
alias cp="cp -vi"
alias mkdir="mkdir -vp"
# Case insensitive grep by default
alias grep='grep -i'
# `man` function to display help messages with a pager as on Unix
man() {
    $1 --help | less
}
export GITHUB_PAT="3f261402a3bc34c5e7c29302a437c5dc1bc641ab"
export CANVAS_PAT="11224~1ars8izSbHIOIZ2u8NH8d0GNORMcIuyGkVpK8WRt3e8W5LLgjWkQ5IXkRFjoHXGG"
## Content of .bashrc
if [ -f ~/.bash_profile ]; then . ~/.bash_profile; fi