\BOOKMARK [0][-]{chapter.1}{\376\377\000I\000n\000t\000r\000o\000d\000u\000c\000t\000i\000o\000n}{}% 1
\BOOKMARK [0][-]{chapter.2}{\376\377\000A\000n\000\040\000o\000v\000e\000r\000v\000i\000e\000w\000\040\000o\000f\000\040\000R\000:\000\040\000p\000a\000r\000t\000\040\000I\000\040\000\173\000c\000h\0002\000\175}{}% 2
\BOOKMARK [1][-]{section.2.1}{\376\377\000B\000a\000s\000i\000c\000\040\000c\000o\000m\000p\000u\000t\000a\000t\000i\000o\000n\000s\000\040\000i\000n\000\040\000R}{chapter.2}% 3
\BOOKMARK [1][-]{section.2.2}{\376\377\000C\000r\000e\000a\000t\000e\000\040\000a\000n\000\040\000o\000b\000j\000e\000c\000t}{chapter.2}% 4
\BOOKMARK [1][-]{section.2.3}{\376\377\000O\000p\000e\000r\000a\000t\000o\000r\000s}{chapter.2}% 5
\BOOKMARK [1][-]{section.2.4}{\376\377\000G\000e\000n\000e\000r\000a\000t\000e\000\040\000d\000a\000t\000a}{chapter.2}% 6
\BOOKMARK [1][-]{section.2.5}{\376\377\000D\000a\000t\000a\000\040\000t\000y\000p\000e\000s}{chapter.2}% 7
\BOOKMARK [0][-]{chapter.3}{\376\377\000A\000n\000\040\000o\000v\000e\000r\000v\000i\000e\000w\000\040\000o\000f\000\040\000R\000:\000\040\000P\000a\000r\000t\000\040\000I\000I\000\040\000\173\000c\000h\0003\000\175}{}% 8
\BOOKMARK [1][-]{section.3.1}{\376\377\000A\000s\000s\000e\000s\000s\000\040\000t\000h\000e\000\040\000v\000a\000l\000u\000e\000s\000\040\000o\000f\000\040\000a\000n\000\040\000o\000b\000j\000e\000c\000t}{chapter.3}% 9
\BOOKMARK [1][-]{section.3.2}{\376\377\000G\000e\000t\000\040\000t\000h\000e\000\040\000d\000a\000t\000a\000\040\000i\000n\000t\000o\000\040\000R}{chapter.3}% 10
\BOOKMARK [1][-]{section.3.3}{\376\377\000E\000x\000p\000o\000r\000t\000\040\000d\000a\000t\000a}{chapter.3}% 11
\BOOKMARK [1][-]{section.3.4}{\376\377\000S\000a\000v\000e\000\040\000a\000n\000d\000\040\000l\000o\000a\000d\000\040\000d\000a\000t\000a\000\040\000i\000n\000\040\000R}{chapter.3}% 12
\BOOKMARK [1][-]{section.3.5}{\376\377\000V\000i\000e\000w\000\040\000d\000a\000t\000a}{chapter.3}% 13
\BOOKMARK [0][-]{chapter.4}{\376\377\000D\000a\000t\000a\000\040\000m\000a\000n\000a\000g\000e\000m\000e\000n\000t\000:\000\040\000P\000a\000r\000t\000\040\000I\000\040\000\173\000c\000h\0004\000\175}{}% 14
\BOOKMARK [1][-]{section.4.1}{\376\377\000C\000o\000n\000t\000r\000o\000l\000\040\000s\000t\000r\000u\000c\000t\000u\000r\000e}{chapter.4}% 15
\BOOKMARK [1][-]{section.4.2}{\376\377\000M\000i\000s\000s\000i\000n\000g\000\040\000v\000a\000l\000u\000e\000s}{chapter.4}% 16
\BOOKMARK [1][-]{section.4.3}{\376\377\000D\000a\000t\000e\000s}{chapter.4}% 17
\BOOKMARK [1][-]{section.4.4}{\376\377\000C\000o\000m\000m\000o\000n\000\040\000u\000s\000e\000f\000u\000l\000\040\000f\000u\000n\000c\000t\000i\000o\000n\000s}{chapter.4}% 18
\BOOKMARK [0][-]{chapter.5}{\376\377\000D\000a\000t\000a\000\040\000m\000a\000n\000a\000g\000e\000m\000e\000n\000t\000s\000:\000\040\000P\000a\000r\000t\000\040\000I\000I\000-\000\040\000R\000e\000s\000h\000a\000p\000e\000\040\000d\000a\000t\000a\000\040\000\173\000c\000h\0004\000\175}{}% 19
\BOOKMARK [1][-]{section.5.1}{\376\377\000S\000u\000b\000s\000e\000t\000\040\000D\000a\000t\000a}{chapter.5}% 20
\BOOKMARK [1][-]{section.5.2}{\376\377\000M\000e\000r\000g\000e\000\040\000D\000a\000t\000a}{chapter.5}% 21
\BOOKMARK [1][-]{section.5.3}{\376\377\000T\000h\000e\000\040\000R\000e\000s\000h\000a\000p\000e\000\040\000p\000a\000c\000k\000a\000g\000e}{chapter.5}% 22
\BOOKMARK [0][-]{chapter.6}{\376\377\000B\000a\000s\000e\000\040\000G\000r\000a\000p\000h\000i\000c\000s\000\040\000w\000i\000t\000h\000\040\000R\000\040\000\173\000c\000h\0005\000\175}{}% 23
\BOOKMARK [1][-]{section.6.1}{\376\377\000G\000r\000a\000p\000h\000i\000c\000a\000l\000\040\000f\000u\000n\000c\000t\000i\000o\000n\000s}{chapter.6}% 24
\BOOKMARK [1][-]{section.6.2}{\376\377\000G\000r\000a\000p\000h\000i\000c\000a\000l\000\040\000p\000a\000r\000a\000m\000e\000t\000e\000r\000s}{chapter.6}% 25
\BOOKMARK [1][-]{section.6.3}{\376\377\000M\000u\000l\000t\000i\000p\000l\000e\000\040\000p\000l\000o\000t\000s\000\040\000o\000n\000\040\000t\000h\000e\000\040\000o\000n\000e\000\040\000p\000a\000g\000e}{chapter.6}% 26
\BOOKMARK [1][-]{section.6.4}{\376\377\000S\000a\000v\000e\000\040\000a\000\040\000p\000l\000o\000t}{chapter.6}% 27
\BOOKMARK [0][-]{chapter.7}{\376\377\000D\000e\000s\000c\000r\000i\000p\000t\000i\000v\000e\000\040\000s\000t\000a\000t\000i\000s\000t\000i\000c\000s\000\040\000w\000i\000t\000h\000\040\000R\000:\000\040\000P\000a\000r\000t\000\040\000I\000-\000Q\000u\000a\000n\000t\000i\000t\000a\000t\000i\000v\000e\000\040\000v\000a\000r\000i\000a\000b\000l\000e\000s\000\040\000\173\000c\000h\0006\000\175}{}% 28
\BOOKMARK [1][-]{section.7.1}{\376\377\000F\000o\000r\000\040\000t\000h\000e\000\040\000w\000h\000o\000l\000e\000\040\000d\000a\000t\000a\000s\000e\000t}{chapter.7}% 29
\BOOKMARK [1][-]{section.7.2}{\376\377\000F\000o\000r\000\040\000a\000\040\000s\000i\000n\000g\000l\000e\000\040\000q\000u\000a\000n\000t\000i\000t\000a\000t\000i\000v\000e\000\040\000v\000a\000r\000i\000a\000b\000l\000e}{chapter.7}% 30
\BOOKMARK [1][-]{section.7.3}{\376\377\000F\000o\000r\000\040\000a\000\040\000q\000u\000a\000n\000t\000i\000t\000a\000t\000i\000v\000e\000\040\000v\000a\000r\000i\000a\000b\000l\000e\000\040\000b\000y\000\040\000g\000r\000o\000u\000p\000s}{chapter.7}% 31
\BOOKMARK [1][-]{section.7.4}{\376\377\000F\000o\000r\000\040\000t\000w\000o\000\040\000q\000u\000a\000n\000t\000i\000t\000a\000t\000i\000v\000e\000\040\000v\000a\000r\000i\000a\000b\000l\000e\000s}{chapter.7}% 32
\BOOKMARK [0][-]{chapter.8}{\376\377\000D\000e\000s\000c\000r\000i\000p\000t\000i\000v\000e\000\040\000s\000t\000a\000t\000i\000s\000t\000i\000c\000s\000\040\000w\000i\000t\000h\000\040\000R\000:\000\040\000P\000a\000r\000t\000\040\000I\000I\000-\000C\000a\000t\000e\000g\000o\000r\000i\000c\000a\000l\000\040\000v\000a\000r\000i\000a\000b\000l\000e\000s\000\040\000a\000n\000d\000\040\000g\000g\000p\000l\000o\000t}{}% 33
\BOOKMARK [1][-]{section.8.1}{\376\377\000N\000u\000m\000e\000r\000i\000c\000a\000l\000\040\000r\000e\000p\000r\000e\000s\000e\000n\000t\000a\000t\000i\000o\000n}{chapter.8}% 34
\BOOKMARK [1][-]{section.8.2}{\376\377\000G\000r\000a\000p\000h\000i\000c\000a\000l\000\040\000r\000e\000p\000r\000e\000s\000e\000n\000t\000a\000t\000i\000o\000n}{chapter.8}% 35
\BOOKMARK [1][-]{section.8.3}{\376\377\000g\000g\000p\000l\000o\000t\0002\000\040\000f\000u\000n\000c\000t\000i\000o\000n}{chapter.8}% 36
\BOOKMARK [0][-]{chapter.9}{\376\377\000B\000a\000s\000i\000c\000\040\000s\000t\000a\000t\000i\000s\000t\000i\000c\000a\000l\000\040\000t\000e\000s\000t\000s\000\040\000w\000i\000t\000h\000\040\000R}{}% 37
\BOOKMARK [1][-]{section.9.1}{\376\377\000T\000w\000o\000-\000s\000a\000m\000p\000l\000e\000\040\000t\000e\000s\000t\000s}{chapter.9}% 38
\BOOKMARK [1][-]{section.9.2}{\376\377\000A\000n\000a\000l\000y\000s\000i\000s\000\040\000O\000f\000\040\000V\000a\000r\000i\000a\000n\000c\000e}{chapter.9}% 39
\BOOKMARK [1][-]{section.9.3}{\376\377\000C\000o\000r\000r\000e\000l\000a\000t\000i\000o\000n}{chapter.9}% 40
\BOOKMARK [1][-]{section.9.4}{\376\377\000T\000a\000b\000u\000l\000a\000r\000\040\000d\000a\000t\000a}{chapter.9}% 41
\BOOKMARK [0][-]{chapter.10}{\376\377\000R\000e\000g\000r\000e\000s\000s\000i\000o\000n\000s\000\040\000w\000i\000t\000h\000\040\000R\000-\000L\000i\000n\000e\000a\000r\000\040\000R\000e\000g\000r\000e\000s\000s\000i\000o\000n}{}% 42
\BOOKMARK [1][-]{section.10.1}{\376\377\000S\000i\000m\000p\000l\000e\000\040\000l\000i\000n\000e\000a\000r\000\040\000r\000e\000g\000r\000e\000s\000s\000i\000o\000n}{chapter.10}% 43
\BOOKMARK [1][-]{section.10.2}{\376\377\000M\000u\000l\000t\000i\000p\000l\000e\000\040\000l\000i\000n\000e\000a\000r\000\040\000r\000e\000g\000r\000e\000s\000s\000i\000o\000n}{chapter.10}% 44
\BOOKMARK [0][-]{chapter.11}{\376\377\000S\000u\000r\000v\000i\000v\000a\000l\000\040\000a\000n\000a\000l\000y\000s\000i\000s}{}% 45
\BOOKMARK [1][-]{section.11.1}{\376\377\000C\000r\000e\000a\000t\000e\000\040\000t\000h\000e\000\040\000r\000e\000s\000p\000o\000n\000s\000e\000\040\000v\000a\000r\000i\000a\000b\000l\000e}{chapter.11}% 46
\BOOKMARK [1][-]{section.11.2}{\376\377\000K\000a\000p\000l\000a\000n\000-\000M\000e\000i\000e\000r\000\040\000e\000s\000t\000i\000m\000a\000t\000e}{chapter.11}% 47
\BOOKMARK [1][-]{section.11.3}{\376\377\000C\000u\000m\000u\000l\000a\000t\000i\000v\000e\000\040\000h\000a\000z\000a\000r\000d}{chapter.11}% 48
\BOOKMARK [1][-]{section.11.4}{\376\377\000T\000h\000e\000\040\000l\000o\000g\000-\000r\000a\000n\000k\000\040\000t\000e\000s\000t}{chapter.11}% 49
\BOOKMARK [1][-]{section.11.5}{\376\377\000C\000o\000x\000\040\000P\000r\000o\000p\000o\000r\000t\000i\000o\000n\000a\000l\000\040\000H\000a\000z\000a\000r\000d\000s\000\040\000M\000o\000d\000e\000l}{chapter.11}% 50
\BOOKMARK [0][-]{chapter.12}{\376\377\000B\000o\000o\000t\000s\000t\000r\000a\000p\000,\000\040\000a\000n\000a\000l\000y\000s\000i\000s\000\040\000o\000f\000\040\000c\000l\000u\000s\000t\000e\000r\000e\000d\000\040\000d\000a\000t\000a\000\040\000a\000n\000d\000\040\000n\000o\000n\000-\000l\000i\000n\000e\000a\000r\000\040\000e\000f\000f\000e\000c\000t\000s}{}% 51
\BOOKMARK [1][-]{section.12.1}{\376\377\000B\000o\000o\000t\000s\000t\000r\000a\000p}{chapter.12}% 52
\BOOKMARK [1][-]{section.12.2}{\376\377\000A\000n\000a\000l\000y\000s\000i\000s\000\040\000o\000f\000\040\000c\000l\000u\000s\000t\000e\000r\000e\000d\000\040\000d\000a\000t\000a}{chapter.12}% 53
\BOOKMARK [1][-]{section.12.3}{\376\377\000N\000o\000n\000-\000l\000i\000n\000e\000a\000r\000\040\000e\000f\000f\000e\000c\000t\000s}{chapter.12}% 54
\BOOKMARK [1][-]{section.12.4}{\376\377\000E\000p\000i\000\040\000p\000a\000c\000k\000a\000g\000e\000s\000-\000\040\000E\000p\000i\000t\000a\000b\000\050\000\051}{chapter.12}% 55
